Running: C:\Xilinx\14.7\ISE_DS\ISE\bin\nt64\unwrapped\fuse.exe -intstyle ise -incremental -lib secureip -o C:/Users/Mohammad/Desktop/CAD_Project/VGA_Square_isim_beh.exe -prj C:/Users/Mohammad/Desktop/CAD_Project/VGA_Square_beh.prj work.VGA_Square 
ISim P.20131013 (signature 0x7708f090)
Number of CPUs detected in this system: 4
Turning on mult-threading, number of parallel sub-compilation jobs: 8 
Determining compilation order of HDL files
Parsing VHDL file "C:/Users/Mohammad/Desktop/CAD_Project/VGA_Square.vhd" into library work
Starting static elaboration
Completed static elaboration
Compiling package standard
Compiling package std_logic_1164
Compiling package std_logic_arith
Compiling package std_logic_unsigned
Compiling package numeric_std
Compiling package math_real
Compiling architecture behavioral of entity vga_square
Time Resolution for simulation is 1ps.
Waiting for 1 sub-compilation(s) to finish...
WARNING:Simulator - Unable to copy libPortabilityNOSH.dll to the simulation executable directory: boost::filesystem::copy_file: The system cannot find the path specified, "isim\VGA_Square_isim_beh.exe.sim\libPortability.dll".
Compiled 7 VHDL Units
Built simulation executable C:/Users/Mohammad/Desktop/CAD_Project/VGA_Square_isim_beh.exe
Fuse Memory Usage: 37724 KB
Fuse CPU Usage: 1359 ms
