#-----------------------------------------------------------
# PlanAhead v14.7 (64-bit)
# Build 321239 by xbuild on Fri Sep 27 19:29:51 MDT 2013
# Start of session at: Tue Jun 21 15:30:13 2022
# Process ID: 13308
# Log file: C:/Users/Mohammad/Desktop/CAD_VGA_Xilinx/planAhead_run_1/planAhead.log
# Journal file: C:/Users/Mohammad/Desktop/CAD_VGA_Xilinx/planAhead_run_1/planAhead.jou
#-----------------------------------------------------------
INFO: [Common 17-78] Attempting to get a license: PlanAhead
INFO: [Common 17-290] Got license for PlanAhead
INFO: [Device 21-36] Loading parts and site information from C:/Xilinx/14.7/ISE_DS/PlanAhead/data/parts/arch.xml
Parsing RTL primitives file [C:/Xilinx/14.7/ISE_DS/PlanAhead/data/parts/xilinx/rtl/prims/rtl_prims.xml]
Finished parsing RTL primitives file [C:/Xilinx/14.7/ISE_DS/PlanAhead/data/parts/xilinx/rtl/prims/rtl_prims.xml]
start_gui
source C:/Users/Mohammad/Desktop/CAD_VGA_Xilinx/pa.fromNetlist.tcl
# create_project -name CAD971VGA -dir "C:/Users/Mohammad/Desktop/CAD_VGA_Xilinx/planAhead_run_1" -part xc6slx9tqg144-2
create_project: Time (s): elapsed = 00:00:07 . Memory (MB): peak = 452.656 ; gain = 67.895
# set_property design_mode GateLvl [get_property srcset [current_run -impl]]
# set_property edif_top_file "C:/Users/Mohammad/Desktop/CAD_VGA_Xilinx/CAD971Test.ngc" [ get_property srcset [ current_run ] ]
# add_files -norecurse { {C:/Users/Mohammad/Desktop/CAD_VGA_Xilinx} }
# set_param project.pinAheadLayout  yes
# set_property target_constrs_file "vga.ucf" [current_fileset -constrset]
Adding file 'C:/Users/Mohammad/Desktop/CAD_VGA_Xilinx/vga.ucf' to fileset 'constrs_1'
# add_files [list {vga.ucf}] -fileset [get_property constrset [current_run]]
# link_design
Design is defaulting to srcset: sources_1
Design is defaulting to constrset: constrs_1
Design is defaulting to project part: xc6slx9tqg144-2
INFO: [Common 17-41] Interrupt caught. Command should exit soon.
Release 14.7 - ngc2edif P.20131013 (nt64)
Copyright (c) 1995-2013 Xilinx, Inc.  All rights reserved.
Reading design CAD971Test.ngc ...
WARNING:NetListWriters:298 - No output is written to CAD971Test.xncf, ignored.
Processing design ...
   Preping design's networks ...
   Preping design's macros ...
WARNING:NetListWriters:306 - Signal bus
   VGA_SQ/Maddsub_SquareX[9]_SquareX[9]_mux_10_OUT_cy<5 : 2> on block CAD971Test
   is not reconstructed, because there are some missing bus signals.
WARNING:NetListWriters:306 - Signal bus
   VGA_SQ/SquareX[9]_SquareX[9]_mux_10_OUT<9 : 2> on block CAD971Test is not
   reconstructed, because there are some missing bus signals.
WARNING:NetListWriters:306 - Signal bus
   VGA_SQ/SquareY[9]_SquareY[9]_mux_20_OUT<8 : 2> on block CAD971Test is not
   reconstructed, because there are some missing bus signals.
  finished :Prep
Writing EDIF netlist file CAD971Test.edif ...
ngc2edif: Total memory usage is 4314408 kilobytes

Parsing EDIF File [./planAhead_run_1/CAD971VGA.data/cache/CAD971Test_ngc_zx.edif]
INFO: [Common 17-344] 'link_design' was cancelled
INFO: [Common 17-344] 'source' was cancelled
exit
ERROR: [PlanAhead 12-106] *** Exception: ui.h.b: Found deleted key in HTclEventBroker. Verify if the classes listed here call cleanup()
HTclEvent: DEBUG_PORT_CONFIG_CHANGE   Classes: ui.views.aR 
HTclEvent: SIGNAL_BUS_MODIFY   Classes: ui.views.aR 
HTclEvent: DEBUG_CORE_CONFIG_CHANGE   Classes: ui.views.aR 
HTclEvent: SIGNAL_MODIFY   Classes: ui.views.aR 
 (See C:/Users/Mohammad/Desktop/CAD_VGA_Xilinx\planAhead_pid13308.debug)
ERROR: [Common 17-39] 'stop_gui' failed due to earlier errors.
INFO: [Common 17-206] Exiting PlanAhead at Tue Jun 21 15:31:46 2022...
INFO: [Common 17-83] Releasing license: PlanAhead
